<?xml version="1.0" encoding="UTF-8"?>
<!-- Generated by org.testng.reporters.JUnitXMLReporter -->
<testsuite ignored="3" hostname="LAPTOP-8SEKENFG" failures="0" tests="1" name="Default test" time="15.315" errors="0" timestamp="2024-12-14T13:17:50 IST">
  <testcase classname="com.comcast.crm.practice.CreateDocument" name="createDoc" time="8.548"/>
  <testcase classname="com.comcast.crm.practice.CreateDocument" name="createPricebook" time="0.0">
    <ignored/>
  </testcase> <!-- createPricebook -->
  <testcase classname="com.comcast.crm.practice.CreateDocument" name="CreateInvoice" time="0.0">
    <ignored/>
  </testcase> <!-- CreateInvoice -->
  <testcase classname="com.comcast.crm.practice.CreateDocument" name="CreateOppurtunity" time="0.0">
    <ignored/>
  </testcase> <!-- CreateOppurtunity -->
</testsuite> <!-- Default test -->
