<?xml version="1.0" encoding="UTF-8"?>
<!-- Generated by org.testng.reporters.JUnitXMLReporter -->
<testsuite ignored="0" hostname="LAPTOP-8SEKENFG" failures="0" tests="3" name="Default test" time="45.986" errors="0" timestamp="2024-12-12T09:50:30 IST">
  <testcase classname="com.comcast.crm.orgtest.CreateOrganizationTest" name="CreateOrg" time="10.359"/>
  <testcase classname="com.comcast.crm.orgtest.CreateOrganizationTest" name="CreateOrgWithIndustry" time="10.328"/>
  <testcase classname="com.comcast.crm.orgtest.CreateOrganizationTest" name="CreateOrgWithPhonenum" time="9.965"/>
</testsuite> <!-- Default test -->
