<?xml version="1.0" encoding="UTF-8"?>
<!-- Generated by org.testng.reporters.JUnitXMLReporter -->
<testsuite ignored="2" hostname="LAPTOP-8SEKENFG" failures="0" tests="6" name="Test" time="122.83" errors="0" timestamp="2024-12-11T10:07:31 IST">
  <testcase classname="com.comcast.crm.orgtest.CreateOrganizationTest" name="CreateOrg" time="18.292"/>
  <testcase classname="com.comcast.crm.orgtest.CreateOrganizationTest" name="CreateOrgWithIndustry" time="10.366"/>
  <testcase classname="com.comcast.crm.orgtest.CreateOrganizationTest" name="CreateOrgWithPhonenum" time="9.76"/>
  <testcase classname="com.comcast.crm.contacttest.CreateContacttest" name="createContactTest" time="11.096"/>
  <testcase classname="com.comcast.crm.contacttest.CreateContacttest" name="CreateContactWithsupportDateTest" time="16.979"/>
  <testcase classname="com.comcast.crm.contacttest.CreateContacttest" name="CreateContactWithOrgTest" time="19.705"/>
  <testcase classname="com.comcast.crm.basetest.BaseClass" name="@BeforeSuite configBS" time="0.0">
    <ignored/>
  </testcase> <!-- @BeforeSuite configBS -->
  <testcase classname="com.comcast.crm.basetest.BaseClass" name="@AfterSuite configAS" time="0.0">
    <ignored/>
  </testcase> <!-- @AfterSuite configAS -->
</testsuite> <!-- Test -->
