<?xml version="1.0" encoding="UTF-8"?>
<!-- Generated by org.testng.reporters.JUnitXMLReporter -->
<testsuite ignored="2" hostname="LAPTOP-8SEKENFG" failures="0" tests="6" name="TestRunner-edge" time="78.587" errors="0" timestamp="2024-11-29T13:14:18 IST">
  <testcase classname="com.comcast.crm.orgtest.CreateOrganizationTest" name="CreateOrg" time="7.091"/>
  <testcase classname="com.comcast.crm.contacttest.CreateContacttest" name="createContactTest" time="7.13"/>
  <testcase classname="com.comcast.crm.contacttest.CreateContacttest" name="CreateContactWithsupportDateTest" time="13.395"/>
  <testcase classname="com.comcast.crm.orgtest.CreateOrganizationTest" name="CreateOrgWithIndustry" time="6.59"/>
  <testcase classname="com.comcast.crm.contacttest.CreateContacttest" name="CreateContactWithOrgTest" time="13.196"/>
  <testcase classname="com.comcast.crm.orgtest.CreateOrganizationTest" name="CreateOrgWithPhonenum" time="6.159"/>
  <testcase classname="com.comcast.crm.basetest.BaseClass" name="@AfterSuite configAS" time="0.0">
    <ignored/>
  </testcase> <!-- @AfterSuite configAS -->
  <testcase classname="com.comcast.crm.basetest.BaseClass" name="@BeforeSuite configBS" time="0.0">
    <ignored/>
  </testcase> <!-- @BeforeSuite configBS -->
</testsuite> <!-- TestRunner-edge -->
