<?xml version="1.0" encoding="UTF-8"?>
<!-- Generated by org.testng.reporters.JUnitXMLReporter -->
<testsuite ignored="2" hostname="LAPTOP-8SEKENFG" failures="0" tests="6" name="TestRunner-firefox" time="100.756" errors="0" timestamp="2024-11-29T13:13:13 IST">
  <testcase classname="com.comcast.crm.orgtest.CreateOrganizationTest" name="CreateOrg" time="7.444"/>
  <testcase classname="com.comcast.crm.contacttest.CreateContacttest" name="createContactTest" time="9.02"/>
  <testcase classname="com.comcast.crm.contacttest.CreateContacttest" name="CreateContactWithsupportDateTest" time="13.679"/>
  <testcase classname="com.comcast.crm.orgtest.CreateOrganizationTest" name="CreateOrgWithIndustry" time="9.287"/>
  <testcase classname="com.comcast.crm.contacttest.CreateContacttest" name="CreateContactWithOrgTest" time="15.921"/>
  <testcase classname="com.comcast.crm.orgtest.CreateOrganizationTest" name="CreateOrgWithPhonenum" time="10.472"/>
  <testcase classname="com.comcast.crm.basetest.BaseClass" name="@AfterSuite configAS" time="0.0">
    <ignored/>
  </testcase> <!-- @AfterSuite configAS -->
  <testcase classname="com.comcast.crm.basetest.BaseClass" name="@BeforeSuite configBS" time="0.0">
    <ignored/>
  </testcase> <!-- @BeforeSuite configBS -->
</testsuite> <!-- TestRunner-firefox -->
