<?xml version="1.0" encoding="UTF-8"?>
<testng-results ignored="0" total="3" passed="3" failed="0" skipped="0">
  <reporter-output>
  </reporter-output>
  <suite started-at="2024-12-12T09:49:44 IST" name="Default suite" finished-at="2024-12-12T09:50:30 IST" duration-ms="45986">
    <groups>
      <group name="regressionTest">
        <method signature="CreateOrganizationTest.CreateOrgWithIndustry()[pri:2, instance:com.comcast.crm.orgtest.CreateOrganizationTest@22ff4249]" name="CreateOrgWithIndustry" class="com.comcast.crm.orgtest.CreateOrganizationTest"/>
        <method signature="CreateOrganizationTest.CreateOrgWithPhonenum()[pri:3, instance:com.comcast.crm.orgtest.CreateOrganizationTest@22ff4249]" name="CreateOrgWithPhonenum" class="com.comcast.crm.orgtest.CreateOrganizationTest"/>
      </group> <!-- regressionTest -->
      <group name="smokeTest">
        <method signature="CreateOrganizationTest.CreateOrg()[pri:1, instance:com.comcast.crm.orgtest.CreateOrganizationTest@22ff4249]" name="CreateOrg" class="com.comcast.crm.orgtest.CreateOrganizationTest"/>
      </group> <!-- smokeTest -->
    </groups>
    <test started-at="2024-12-12T09:49:44 IST" name="Default test" finished-at="2024-12-12T09:50:30 IST" duration-ms="45986">
      <class name="com.comcast.crm.orgtest.CreateOrganizationTest">
        <test-method is-config="true" signature="configBS()[pri:0, instance:com.comcast.crm.orgtest.CreateOrganizationTest@22ff4249]" started-at="2024-12-12T09:49:44 IST" name="configBS" finished-at="2024-12-12T09:49:44 IST" duration-ms="295" status="PASS">
          <reporter-output>
          </reporter-output>
        </test-method> <!-- configBS -->
        <test-method is-config="true" signature="configBC()[pri:0, instance:com.comcast.crm.orgtest.CreateOrganizationTest@22ff4249]" started-at="2024-12-12T09:49:44 IST" name="configBC" finished-at="2024-12-12T09:49:46 IST" duration-ms="1623" status="PASS">
          <reporter-output>
          </reporter-output>
        </test-method> <!-- configBC -->
        <test-method is-config="true" signature="configBM()[pri:0, instance:com.comcast.crm.orgtest.CreateOrganizationTest@22ff4249]" started-at="2024-12-12T09:49:46 IST" name="configBM" finished-at="2024-12-12T09:49:49 IST" duration-ms="3577" status="PASS">
          <reporter-output>
          </reporter-output>
        </test-method> <!-- configBM -->
        <test-method signature="CreateOrg()[pri:1, instance:com.comcast.crm.orgtest.CreateOrganizationTest@22ff4249]" started-at="2024-12-12T09:49:49 IST" name="CreateOrg" finished-at="2024-12-12T09:49:59 IST" duration-ms="10359" status="PASS">
          <reporter-output>
          </reporter-output>
        </test-method> <!-- CreateOrg -->
        <test-method is-config="true" signature="configAM()[pri:0, instance:com.comcast.crm.orgtest.CreateOrganizationTest@22ff4249]" started-at="2024-12-12T09:49:59 IST" name="configAM" finished-at="2024-12-12T09:50:01 IST" duration-ms="1387" status="PASS">
          <reporter-output>
          </reporter-output>
        </test-method> <!-- configAM -->
        <test-method is-config="true" signature="configBM()[pri:0, instance:com.comcast.crm.orgtest.CreateOrganizationTest@22ff4249]" started-at="2024-12-12T09:50:01 IST" name="configBM" finished-at="2024-12-12T09:50:04 IST" duration-ms="2710" status="PASS">
          <reporter-output>
          </reporter-output>
        </test-method> <!-- configBM -->
        <test-method signature="CreateOrgWithIndustry()[pri:2, instance:com.comcast.crm.orgtest.CreateOrganizationTest@22ff4249]" started-at="2024-12-12T09:50:04 IST" name="CreateOrgWithIndustry" finished-at="2024-12-12T09:50:14 IST" duration-ms="10328" status="PASS">
          <reporter-output>
          </reporter-output>
        </test-method> <!-- CreateOrgWithIndustry -->
        <test-method is-config="true" signature="configAM()[pri:0, instance:com.comcast.crm.orgtest.CreateOrganizationTest@22ff4249]" started-at="2024-12-12T09:50:14 IST" name="configAM" finished-at="2024-12-12T09:50:15 IST" duration-ms="1446" status="PASS">
          <reporter-output>
          </reporter-output>
        </test-method> <!-- configAM -->
        <test-method is-config="true" signature="configBM()[pri:0, instance:com.comcast.crm.orgtest.CreateOrganizationTest@22ff4249]" started-at="2024-12-12T09:50:15 IST" name="configBM" finished-at="2024-12-12T09:50:18 IST" duration-ms="2758" status="PASS">
          <reporter-output>
          </reporter-output>
        </test-method> <!-- configBM -->
        <test-method signature="CreateOrgWithPhonenum()[pri:3, instance:com.comcast.crm.orgtest.CreateOrganizationTest@22ff4249]" started-at="2024-12-12T09:50:18 IST" name="CreateOrgWithPhonenum" finished-at="2024-12-12T09:50:28 IST" duration-ms="9965" status="PASS">
          <reporter-output>
          </reporter-output>
        </test-method> <!-- CreateOrgWithPhonenum -->
        <test-method is-config="true" signature="configAM()[pri:0, instance:com.comcast.crm.orgtest.CreateOrganizationTest@22ff4249]" started-at="2024-12-12T09:50:28 IST" name="configAM" finished-at="2024-12-12T09:50:30 IST" duration-ms="1582" status="PASS">
          <reporter-output>
          </reporter-output>
        </test-method> <!-- configAM -->
        <test-method is-config="true" signature="configAC()[pri:0, instance:com.comcast.crm.orgtest.CreateOrganizationTest@22ff4249]" started-at="2024-12-12T09:50:30 IST" name="configAC" finished-at="2024-12-12T09:50:30 IST" duration-ms="200" status="PASS">
          <reporter-output>
          </reporter-output>
        </test-method> <!-- configAC -->
        <test-method is-config="true" signature="configAS()[pri:0, instance:com.comcast.crm.orgtest.CreateOrganizationTest@22ff4249]" started-at="2024-12-12T09:50:30 IST" name="configAS" finished-at="2024-12-12T09:50:30 IST" duration-ms="16" status="PASS">
          <reporter-output>
          </reporter-output>
        </test-method> <!-- configAS -->
      </class> <!-- com.comcast.crm.orgtest.CreateOrganizationTest -->
    </test> <!-- Default test -->
  </suite> <!-- Default suite -->
</testng-results>
