<?xml version="1.0" encoding="UTF-8"?>
<testng-results ignored="0" total="1" passed="1" failed="0" skipped="0">
  <reporter-output>
  </reporter-output>
  <suite started-at="2024-12-14T13:17:35 IST" name="Default suite" finished-at="2024-12-14T13:17:50 IST" duration-ms="15315">
    <groups>
    </groups>
    <test started-at="2024-12-14T13:17:35 IST" name="Default test" finished-at="2024-12-14T13:17:50 IST" duration-ms="15315">
      <class name="com.comcast.crm.practice.CreateDocument">
        <test-method is-config="true" signature="configBS()[pri:0, instance:com.comcast.crm.practice.CreateDocument@5b12b668]" started-at="2024-12-14T13:17:35 IST" name="configBS" finished-at="2024-12-14T13:17:35 IST" duration-ms="283" status="PASS">
          <reporter-output>
          </reporter-output>
        </test-method> <!-- configBS -->
        <test-method is-config="true" signature="configBC()[pri:0, instance:com.comcast.crm.practice.CreateDocument@5b12b668]" started-at="2024-12-14T13:17:35 IST" name="configBC" finished-at="2024-12-14T13:17:37 IST" duration-ms="1602" status="PASS">
          <reporter-output>
          </reporter-output>
        </test-method> <!-- configBC -->
        <test-method is-config="true" signature="configBM()[pri:0, instance:com.comcast.crm.practice.CreateDocument@5b12b668]" started-at="2024-12-14T13:17:37 IST" name="configBM" finished-at="2024-12-14T13:17:40 IST" duration-ms="3353" status="PASS">
          <reporter-output>
          </reporter-output>
        </test-method> <!-- configBM -->
        <test-method signature="createDoc()[pri:1, instance:com.comcast.crm.practice.CreateDocument@5b12b668]" started-at="2024-12-14T13:17:40 IST" name="createDoc" finished-at="2024-12-14T13:17:49 IST" duration-ms="8548" status="PASS">
          <reporter-output>
          </reporter-output>
        </test-method> <!-- createDoc -->
        <test-method is-config="true" signature="configAM()[pri:0, instance:com.comcast.crm.practice.CreateDocument@5b12b668]" started-at="2024-12-14T13:17:49 IST" name="configAM" finished-at="2024-12-14T13:17:50 IST" duration-ms="1543" status="PASS">
          <reporter-output>
          </reporter-output>
        </test-method> <!-- configAM -->
        <test-method is-config="true" signature="configAC()[pri:0, instance:com.comcast.crm.practice.CreateDocument@5b12b668]" started-at="2024-12-14T13:17:50 IST" name="configAC" finished-at="2024-12-14T13:17:50 IST" duration-ms="233" status="PASS">
          <reporter-output>
          </reporter-output>
        </test-method> <!-- configAC -->
        <test-method is-config="true" signature="configAS()[pri:0, instance:com.comcast.crm.practice.CreateDocument@5b12b668]" started-at="2024-12-14T13:17:50 IST" name="configAS" finished-at="2024-12-14T13:17:50 IST" duration-ms="5" status="PASS">
          <reporter-output>
          </reporter-output>
        </test-method> <!-- configAS -->
      </class> <!-- com.comcast.crm.practice.CreateDocument -->
    </test> <!-- Default test -->
  </suite> <!-- Default suite -->
</testng-results>
